0 info it worked if it ends with ok
1 verbose cli [ '/usr/local/bin/node', '/usr/local/bin/npm', 'run', 'watch' ]
2 info using npm@3.6.0
3 info using node@v4.2.1
4 verbose run-script [ 'prewatch', 'watch', 'postwatch' ]
5 info lifecycle style_taskrunner@1.0.1~prewatch: style_taskrunner@1.0.1
6 silly lifecycle style_taskrunner@1.0.1~prewatch: no script for prewatch, continuing
7 info lifecycle style_taskrunner@1.0.1~watch: style_taskrunner@1.0.1
8 verbose lifecycle style_taskrunner@1.0.1~watch: unsafe-perm in lifecycle true
9 verbose lifecycle style_taskrunner@1.0.1~watch: PATH: /usr/local/lib/node_modules/npm/bin/node-gyp-bin:/Users/Casperjuel/workspace/sites/commerce-static/_npm/node_modules/.bin:/Applications/MAMP/bin/php/php5.6.10/bin:/usr/local/php5/bin:/Users/Casperjuel/.composer/vendor/bin:/usr/local/bin:/usr/bin:/bin:/usr/sbin:/sbin
10 verbose lifecycle style_taskrunner@1.0.1~watch: CWD: /Users/Casperjuel/workspace/sites/commerce-static/_npm
11 silly lifecycle style_taskrunner@1.0.1~watch: Args: [ '-c',
11 silly lifecycle   'node-sass --include-path node_modules/bourbon/app/assets/stylesheets --include-path node_modules/bourbon-neat/app/assets/stylesheets -w --source-map true --output-style compressed ../sass -o ../css' ]
12 silly lifecycle style_taskrunner@1.0.1~watch: Returned: code: 1  signal: null
13 info lifecycle style_taskrunner@1.0.1~watch: Failed to exec watch script
14 verbose stack Error: style_taskrunner@1.0.1 watch: `node-sass --include-path node_modules/bourbon/app/assets/stylesheets --include-path node_modules/bourbon-neat/app/assets/stylesheets -w --source-map true --output-style compressed ../sass -o ../css`
14 verbose stack Exit status 1
14 verbose stack     at EventEmitter.<anonymous> (/usr/local/lib/node_modules/npm/lib/utils/lifecycle.js:232:16)
14 verbose stack     at emitTwo (events.js:87:13)
14 verbose stack     at EventEmitter.emit (events.js:172:7)
14 verbose stack     at ChildProcess.<anonymous> (/usr/local/lib/node_modules/npm/lib/utils/spawn.js:24:14)
14 verbose stack     at emitTwo (events.js:87:13)
14 verbose stack     at ChildProcess.emit (events.js:172:7)
14 verbose stack     at maybeClose (internal/child_process.js:818:16)
14 verbose stack     at Process.ChildProcess._handle.onexit (internal/child_process.js:211:5)
15 verbose pkgid style_taskrunner@1.0.1
16 verbose cwd /Users/Casperjuel/workspace/sites/commerce-static/_npm
17 error Darwin 15.6.0
18 error argv "/usr/local/bin/node" "/usr/local/bin/npm" "run" "watch"
19 error node v4.2.1
20 error npm  v3.6.0
21 error code ELIFECYCLE
22 error style_taskrunner@1.0.1 watch: `node-sass --include-path node_modules/bourbon/app/assets/stylesheets --include-path node_modules/bourbon-neat/app/assets/stylesheets -w --source-map true --output-style compressed ../sass -o ../css`
22 error Exit status 1
23 error Failed at the style_taskrunner@1.0.1 watch script 'node-sass --include-path node_modules/bourbon/app/assets/stylesheets --include-path node_modules/bourbon-neat/app/assets/stylesheets -w --source-map true --output-style compressed ../sass -o ../css'.
23 error Make sure you have the latest version of node.js and npm installed.
23 error If you do, this is most likely a problem with the style_taskrunner package,
23 error not with npm itself.
23 error Tell the author that this fails on your system:
23 error     node-sass --include-path node_modules/bourbon/app/assets/stylesheets --include-path node_modules/bourbon-neat/app/assets/stylesheets -w --source-map true --output-style compressed ../sass -o ../css
23 error You can get information on how to open an issue for this project with:
23 error     npm bugs style_taskrunner
23 error Or if that isn't available, you can get their info via:
23 error     npm owner ls style_taskrunner
23 error There is likely additional logging output above.
24 verbose exit [ 1, true ]
